<?xml version="1.0" encoding="utf-8"?><testsuites name="pytest tests"><testsuite name="pytest" errors="0" failures="2" skipped="0" tests="11" time="161.557" timestamp="2026-03-25T21:05:24.444809+00:00" hostname="agent-env-f4ee3a3e-dee5-43fd-bb6a-06bf3a8bc190"><testcase classname="backend.tests.test_iteration10_features.TestAuthentication" name="test_register_user" time="0.441" /><testcase classname="backend.tests.test_iteration10_features.TestAuthentication" name="test_login_user" time="0.117"><failure message="AssertionError: Registration failed: {&quot;detail&quot;:&quot;El email ya está registrado&quot;}&#10;assert 400 == 200&#10; +  where 400 = &lt;Response [400]&gt;.status_code">backend/tests/test_iteration10_features.py:59: in test_login_user
    self.test_register_user(test_user)
backend/tests/test_iteration10_features.py:40: in test_register_user
    assert response.status_code == 200, f"Registration failed: {response.text}"
E   AssertionError: Registration failed: {"detail":"El email ya está registrado"}
E   assert 400 == 200
E    +  where 400 = &lt;Response [400]&gt;.status_code</failure></testcase><testcase classname="backend.tests.test_iteration10_features.TestChatAsistenteIAPro" name="test_chat_quien_eres_response" time="3.321" /><testcase classname="backend.tests.test_iteration10_features.TestChatAsistenteIAPro" name="test_chat_clarification_missing_origin_country" time="0.167" /><testcase classname="backend.tests.test_iteration10_features.TestChatAsistenteIAPro" name="test_chat_clarification_missing_destination_country" time="0.231" /><testcase classname="backend.tests.test_iteration10_features.TestChatAsistenteIAPro" name="test_chat_full_conversation_flow" time="19.009" /><testcase classname="backend.tests.test_iteration10_features.TestMarketStudy" name="test_market_study_generates_pestel" time="38.106" /><testcase classname="backend.tests.test_iteration10_features.TestMarketStudy" name="test_market_study_cites_official_sources" time="51.718" /><testcase classname="backend.tests.test_iteration10_features.TestMarketStudy" name="test_market_study_different_routes" time="48.003"><failure message="AssertionError: Market study failed for MX-&gt;US: {&quot;detail&quot;:&quot;Error al generar el estudio de mercado: 500: Error al procesar la respuesta de IA. Por favor intenta de nuevo.&quot;}&#10;assert 500 == 200&#10; +  where 500 = &lt;Response [500]&gt;.status_code">backend/tests/test_iteration10_features.py:409: in test_market_study_different_routes
    assert response.status_code == 200, f"Market study failed for {route['origin']}-&gt;{route['destination']}: {response.text}"
E   AssertionError: Market study failed for MX-&gt;US: {"detail":"Error al generar el estudio de mercado: 500: Error al procesar la respuesta de IA. Por favor intenta de nuevo."}
E   assert 500 == 200
E    +  where 500 = &lt;Response [500]&gt;.status_code</failure></testcase><testcase classname="backend.tests.test_iteration10_features.TestHealthAndBasicEndpoints" name="test_health_endpoint" time="0.218" /><testcase classname="backend.tests.test_iteration10_features.TestHealthAndBasicEndpoints" name="test_root_endpoint" time="0.119" /></testsuite></testsuites>