<?xml version="1.0" encoding="utf-8"?><testsuites name="pytest tests"><testsuite name="pytest" errors="0" failures="0" skipped="0" tests="27" time="366.845" timestamp="2026-03-18T22:32:05.632553+00:00" hostname="agent-env-f4ee3a3e-dee5-43fd-bb6a-06bf3a8bc190"><testcase classname="backend.tests.test_new_features.TestImageAnalysisEndpoint" name="test_image_analyze_requires_auth" time="0.380" /><testcase classname="backend.tests.test_new_features.TestImageAnalysisEndpoint" name="test_image_analyze_endpoint_exists" time="5.470" /><testcase classname="backend.tests.test_new_features.TestImageAnalysisEndpoint" name="test_image_analyze_returns_expected_fields" time="3.504" /><testcase classname="backend.tests.test_new_features.TestImageAnalysisEndpoint" name="test_image_analyze_handles_invalid_image" time="5.514" /><testcase classname="backend.tests.test_new_features.TestMarketStudyEndpoint" name="test_market_study_requires_auth" time="0.185" /><testcase classname="backend.tests.test_new_features.TestMarketStudyEndpoint" name="test_market_study_endpoint_exists" time="36.960" /><testcase classname="backend.tests.test_new_features.TestMarketStudyEndpoint" name="test_market_study_with_pestel_analysis" time="60.600" /><testcase classname="backend.tests.test_new_features.TestMarketStudyEndpoint" name="test_market_study_different_languages" time="149.407" /><testcase classname="backend.tests.test_new_features.TestI18nTranslations" name="test_translations_endpoint_availability" time="0.258" /><testcase classname="backend.tests.test_new_features.TestMarketStudyValidation" name="test_market_study_requires_product" time="0.569" /><testcase classname="backend.tests.test_new_features.TestMarketStudyValidation" name="test_market_study_requires_origin" time="0.508" /><testcase classname="backend.tests.test_new_features.TestMarketStudyValidation" name="test_market_study_requires_destination" time="0.559" /><testcase classname="backend.tests.test_taric_api.TestHealthAndBasics" name="test_api_root" time="0.161" /><testcase classname="backend.tests.test_taric_api.TestHealthAndBasics" name="test_health_check" time="0.129" /><testcase classname="backend.tests.test_taric_api.TestAuthentication" name="test_register_user" time="0.370" /><testcase classname="backend.tests.test_taric_api.TestAuthentication" name="test_login_with_test_credentials" time="0.352" /><testcase classname="backend.tests.test_taric_api.TestTaricSearchValidation" name="test_search_requires_origin_country" time="0.501" /><testcase classname="backend.tests.test_taric_api.TestTaricSearchValidation" name="test_search_requires_destination_country" time="23.889" /><testcase classname="backend.tests.test_taric_api.TestTaricSearchValidation" name="test_search_with_valid_origin_and_destination" time="29.438" /><testcase classname="backend.tests.test_taric_api.TestTaricSearchValidation" name="test_search_validates_empty_origin" time="0.503" /><testcase classname="backend.tests.test_taric_api.TestTaricSearchValidation" name="test_search_intra_eu_trade" time="21.712" /><testcase classname="backend.tests.test_taric_api.TestTradeAgreementsEndpoint" name="test_search_with_trade_agreements" time="22.901" /><testcase classname="backend.tests.test_taric_api.TestDocumentsLibrary" name="test_documents_library_endpoint" time="0.630" /><testcase classname="backend.tests.test_taric_api.TestRegulatoryAlerts" name="test_regulatory_alerts_endpoint" time="0.577" /><testcase classname="backend.tests.test_taric_api.TestTeamManagement" name="test_team_stats_endpoint" time="0.571" /><testcase classname="backend.tests.test_taric_api.TestTeamManagement" name="test_team_members_endpoint" time="0.515" /><testcase classname="backend.tests.test_taric_api.TestSearchHistory" name="test_search_history_endpoint" time="0.544" /></testsuite></testsuites>