<?xml version="1.0" encoding="utf-8"?><testsuites name="pytest tests"><testsuite name="pytest" errors="0" failures="1" skipped="0" tests="12" time="143.067" timestamp="2026-03-18T23:21:50.156358+00:00" hostname="agent-env-f4ee3a3e-dee5-43fd-bb6a-06bf3a8bc190"><testcase classname="backend.tests.test_bug_fixes_iteration8.TestClarificationEndpoint" name="test_check_clarification_endpoint_exists" time="5.516" /><testcase classname="backend.tests.test_bug_fixes_iteration8.TestClarificationEndpoint" name="test_vague_description_triggers_clarification" time="22.731" /><testcase classname="backend.tests.test_bug_fixes_iteration8.TestClarificationEndpoint" name="test_specific_description_no_clarification" time="1.982" /><testcase classname="backend.tests.test_bug_fixes_iteration8.TestClarificationEndpoint" name="test_clarification_questions_have_options" time="5.622" /><testcase classname="backend.tests.test_bug_fixes_iteration8.TestImageAnalysisWithRealImages" name="test_image_analyze_with_zapatilla" time="8.845" /><testcase classname="backend.tests.test_bug_fixes_iteration8.TestImageAnalysisWithRealImages" name="test_image_analyze_with_reloj" time="7.207" /><testcase classname="backend.tests.test_bug_fixes_iteration8.TestImageAnalysisWithRealImages" name="test_image_analyze_with_auriculares" time="6.762" /><testcase classname="backend.tests.test_bug_fixes_iteration8.TestMarketStudyOliveOil" name="test_market_study_olive_oil_spain_colombia" time="57.140"><failure message="AssertionError: Market study failed: 500 - {&quot;detail&quot;:&quot;Error al generar el estudio de mercado: 500: Error al procesar respuesta del estudio de mercado&quot;}&#10;assert 500 == 200&#10; +  where 500 = &lt;Response [500]&gt;.status_code">backend/tests/test_bug_fixes_iteration8.py:267: in test_market_study_olive_oil_spain_colombia
    assert response.status_code == 200, f"Market study failed: {response.status_code} - {response.text}"
E   AssertionError: Market study failed: 500 - {"detail":"Error al generar el estudio de mercado: 500: Error al procesar respuesta del estudio de mercado"}
E   assert 500 == 200
E    +  where 500 = &lt;Response [500]&gt;.status_code</failure></testcase><testcase classname="backend.tests.test_bug_fixes_iteration8.TestTaricSearchWithCountries" name="test_taric_search_requires_origin" time="0.684" /><testcase classname="backend.tests.test_bug_fixes_iteration8.TestTaricSearchWithCountries" name="test_taric_search_spain_colombia" time="26.168" /><testcase classname="backend.tests.test_bug_fixes_iteration8.TestHealthAndBasicAPIs" name="test_api_health" time="0.176" /><testcase classname="backend.tests.test_bug_fixes_iteration8.TestHealthAndBasicAPIs" name="test_api_root" time="0.147" /></testsuite></testsuites>