<?xml version="1.0" encoding="utf-8"?><testsuites name="pytest tests"><testsuite name="pytest" errors="0" failures="1" skipped="0" tests="8" time="190.310" timestamp="2026-03-18T23:53:41.631639+00:00" hostname="agent-env-f4ee3a3e-dee5-43fd-bb6a-06bf3a8bc190"><testcase classname="backend.tests.test_iteration9_bug_fixes.TestAuthentication" name="test_login_success" time="0.424" /><testcase classname="backend.tests.test_iteration9_bug_fixes.TestImageAnalysis" name="test_image_analyze_perfume" time="7.831" /><testcase classname="backend.tests.test_iteration9_bug_fixes.TestImageAnalysis" name="test_image_analyze_olive_oil" time="7.552" /><testcase classname="backend.tests.test_iteration9_bug_fixes.TestImageAnalysis" name="test_image_analyze_phone" time="6.802" /><testcase classname="backend.tests.test_iteration9_bug_fixes.TestMarketStudy" name="test_market_study_olive_oil_spain_colombia" time="51.216" /><testcase classname="backend.tests.test_iteration9_bug_fixes.TestMarketStudy" name="test_market_study_electronics_china_spain" time="60.680"><failure message="AssertionError: Market study failed: The preview environment is not responding. It may be starting up.&#10;  &#10;assert 502 == 200&#10; +  where 502 = &lt;Response [502]&gt;.status_code">backend/tests/test_iteration9_bug_fixes.py:192: in test_market_study_electronics_china_spain
    assert response.status_code == 200, f"Market study failed: {response.text}"
E   AssertionError: Market study failed: The preview environment is not responding. It may be starting up.
E     
E   assert 502 == 200
E    +  where 502 = &lt;Response [502]&gt;.status_code</failure></testcase><testcase classname="backend.tests.test_iteration9_bug_fixes.TestHealthAndBasics" name="test_health" time="55.457" /><testcase classname="backend.tests.test_iteration9_bug_fixes.TestHealthAndBasics" name="test_root" time="0.212" /></testsuite></testsuites>