<?xml version="1.0" encoding="utf-8"?><testsuites name="pytest tests"><testsuite name="pytest" errors="0" failures="0" skipped="0" tests="15" time="107.076" timestamp="2026-03-18T21:43:05.652345+00:00" hostname="agent-env-f4ee3a3e-dee5-43fd-bb6a-06bf3a8bc190"><testcase classname="tests.test_taric_api.TestHealthAndBasics" name="test_api_root" time="0.198" /><testcase classname="tests.test_taric_api.TestHealthAndBasics" name="test_health_check" time="0.116" /><testcase classname="tests.test_taric_api.TestAuthentication" name="test_register_user" time="0.360" /><testcase classname="tests.test_taric_api.TestAuthentication" name="test_login_with_test_credentials" time="0.397" /><testcase classname="tests.test_taric_api.TestTaricSearchValidation" name="test_search_requires_origin_country" time="0.433" /><testcase classname="tests.test_taric_api.TestTaricSearchValidation" name="test_search_requires_destination_country" time="20.221" /><testcase classname="tests.test_taric_api.TestTaricSearchValidation" name="test_search_with_valid_origin_and_destination" time="35.013" /><testcase classname="tests.test_taric_api.TestTaricSearchValidation" name="test_search_validates_empty_origin" time="0.465" /><testcase classname="tests.test_taric_api.TestTaricSearchValidation" name="test_search_intra_eu_trade" time="25.183" /><testcase classname="tests.test_taric_api.TestTradeAgreementsEndpoint" name="test_search_with_trade_agreements" time="22.062" /><testcase classname="tests.test_taric_api.TestDocumentsLibrary" name="test_documents_library_endpoint" time="0.529" /><testcase classname="tests.test_taric_api.TestRegulatoryAlerts" name="test_regulatory_alerts_endpoint" time="0.488" /><testcase classname="tests.test_taric_api.TestTeamManagement" name="test_team_stats_endpoint" time="0.444" /><testcase classname="tests.test_taric_api.TestTeamManagement" name="test_team_members_endpoint" time="0.545" /><testcase classname="tests.test_taric_api.TestSearchHistory" name="test_search_history_endpoint" time="0.454" /></testsuite></testsuites>